*****************************************************************
*****************************************************************

 - The entries below countain the result of each benchmark item.

 - To investigate any issues further, open the corresponding CIS Benchmark PDF and navigate to the same recommendation number and name in the document.

 - A copy of the benchmark PDF document can be obtained at the following URL:

   https://workbench.cisecurity.org/benchmarks/8754

*****************************************************************
*****************************************************************
 - 1.1.1.1 - Ensure cramfs kernel module is not available -
 - REMEDIATED - Recommendation successfully remediated
*****************************************************************
*****************************************************************
 - 1.1.1.2 - Ensure freevxfs kernel module is not available -
 - PASSED - Remediation not required
*****************************************************************
*****************************************************************
 - 1.1.1.3 - Ensure hfs kernel module is not available -
 - REMEDIATED - Recommendation successfully remediated
*****************************************************************
*****************************************************************
 - 1.1.1.4 - Ensure hfsplus kernel module is not available -
 - REMEDIATED - Recommendation successfully remediated
*****************************************************************
*****************************************************************
 - 1.1.1.5 - Ensure jffs2 kernel module is not available -
 - PASSED - Remediation not required
*****************************************************************
*****************************************************************
 - 1.1.1.6 - Ensure squashfs kernel module is not available -
 - SKIPPED - Recommendation not in selected profile
*****************************************************************
*****************************************************************
 - 1.1.1.7 - Ensure udf kernel module is not available -
 - SKIPPED - Recommendation not in selected profile
*****************************************************************
*****************************************************************
 - 1.1.1.8 - Ensure usb-storage kernel module is not available -
 - REMEDIATED - Recommendation successfully remediated
*****************************************************************
*****************************************************************
 - 1.1.2.1.1 - Ensure /tmp is a separate partition -
 - REMEDIATED - Recommendation successfully remediated
*****************************************************************
*****************************************************************
 - 1.1.2.1.2 - Ensure nodev option set on /tmp partition -
 - PASSED - Remediation not required
*****************************************************************
*****************************************************************
 - 1.1.2.1.3 - Ensure nosuid option set on /tmp partition -
 - PASSED - Remediation not required
*****************************************************************
*****************************************************************
 - 1.1.2.1.4 - Ensure noexec option set on /tmp partition -
 - PASSED - Remediation not required
*****************************************************************
*****************************************************************
 - 1.1.2.2.1 - Ensure /dev/shm is a separate partition -
 - REMEDIATED - Recommendation successfully remediated
*****************************************************************
*****************************************************************
 - 1.1.2.2.2 - Ensure nodev option set on /dev/shm partition -
 - PASSED - Remediation not required
*****************************************************************
*****************************************************************
 - 1.1.2.2.3 - Ensure nosuid option set on /dev/shm partition -
 - PASSED - Remediation not required
*****************************************************************
*****************************************************************
 - 1.1.2.2.4 - Ensure noexec option set on /dev/shm partition -
 - REMEDIATED - Recommendation successfully remediated
*****************************************************************
*****************************************************************
 - 1.1.2.3.1 - Ensure separate partition exists for /home -
 - SKIPPED - Recommendation not in selected profile
*****************************************************************
*****************************************************************
 - 1.1.2.3.2 - Ensure nodev option set on /home partition -
 - MANUAL - Recommendation needs to be remediated manually
*****************************************************************
*****************************************************************
 - 1.1.2.3.3 - Ensure nosuid option set on /home partition -
 - MANUAL - Recommendation needs to be remediated manually
*****************************************************************
*****************************************************************
 - 1.1.2.4.1 - Ensure separate partition exists for /var -
 - SKIPPED - Recommendation not in selected profile
*****************************************************************
*****************************************************************
 - 1.1.2.4.2 - Ensure nodev option set on /var partition -
 - MANUAL - Recommendation needs to be remediated manually
*****************************************************************
*****************************************************************
 - 1.1.2.4.3 - Ensure nosuid option set on /var partition -
 - MANUAL - Recommendation needs to be remediated manually
*****************************************************************
*****************************************************************
 - 1.1.2.5.1 - Ensure separate partition exists for /var/tmp -
 - SKIPPED - Recommendation not in selected profile
*****************************************************************
*****************************************************************
 - 1.1.2.5.2 - Ensure nodev option set on /var/tmp partition -
 - MANUAL - Recommendation needs to be remediated manually
*****************************************************************
*****************************************************************
 - 1.1.2.5.3 - Ensure nosuid option set on /var/tmp partition -
 - MANUAL - Recommendation needs to be remediated manually
*****************************************************************
*****************************************************************
 - 1.1.2.5.4 - Ensure noexec option set on /var/tmp partition -
 - MANUAL - Recommendation needs to be remediated manually
*****************************************************************
*****************************************************************
 - 1.1.2.6.1 - Ensure separate partition exists for /var/log -
 - SKIPPED - Recommendation not in selected profile
*****************************************************************
*****************************************************************
 - 1.1.2.6.2 - Ensure nodev option set on /var/log partition -
 - MANUAL - Recommendation needs to be remediated manually
*****************************************************************
*****************************************************************
 - 1.1.2.6.3 - Ensure nosuid option set on /var/log partition -
 - MANUAL - Recommendation needs to be remediated manually
*****************************************************************
*****************************************************************
 - 1.1.2.6.4 - Ensure noexec option set on /var/log partition -
 - MANUAL - Recommendation needs to be remediated manually
*****************************************************************
*****************************************************************
 - 1.1.2.7.1 - Ensure separate partition exists for /var/log/audit -
 - SKIPPED - Recommendation not in selected profile
*****************************************************************
*****************************************************************
 - 1.1.2.7.2 - Ensure nodev option set on /var/log/audit partition -
 - MANUAL - Recommendation needs to be remediated manually
*****************************************************************
*****************************************************************
 - 1.1.2.7.3 - Ensure nosuid option set on /var/log/audit partition -
 - MANUAL - Recommendation needs to be remediated manually
*****************************************************************
*****************************************************************
 - 1.1.2.7.4 - Ensure noexec option set on /var/log/audit partition -
 - MANUAL - Recommendation needs to be remediated manually
*****************************************************************
*****************************************************************
 - 1.2.1 - Ensure GPG keys are configured -
 - MANUAL - Recommendation needs to be remediated manually
*****************************************************************
*****************************************************************
 - 1.2.2 - Ensure gpgcheck is globally activated -
 - REMEDIATED - Recommendation successfully remediated
*****************************************************************
*****************************************************************
 - 1.2.3 - Ensure repo_gpgcheck is globally activated -
 - SKIPPED - Recommendation not in selected profile
*****************************************************************
*****************************************************************
 - 1.2.4 - Ensure package manager repositories are configured -
 - MANUAL - Recommendation needs to be remediated manually
*****************************************************************
*****************************************************************
 - 1.2.5 - Ensure updates, patches, and additional security software are installed -
 - MANUAL - Recommendation needs to be remediated manually
*****************************************************************
*****************************************************************
 - 1.3.1 - Ensure authentication required for single user mode -
 - REMEDIATED - Recommendation successfully remediated
*****************************************************************
*****************************************************************
 - 1.4.1 - Ensure address space layout randomization (ASLR) is enabled -
 - EXCLUDED - Recommendation on the excluded list
*****************************************************************
*****************************************************************
 - 1.4.2 - Ensure ptrace_scope is restricted -
 - REMEDIATED - Recommendation successfully remediated
*****************************************************************
*****************************************************************
 - 1.4.3 - Ensure core dump backtraces are disabled -
 - REMEDIATED - Recommendation successfully remediated
*****************************************************************
*****************************************************************
 - 1.4.4 - Ensure core dump storage is disabled -
 - REMEDIATED - Recommendation successfully remediated
*****************************************************************
*****************************************************************
 - 1.5.1.1 - Ensure SELinux is installed -
 - PASSED - Remediation not required
*****************************************************************
*****************************************************************
 - 1.5.1.2 - Ensure SELinux is not disabled in bootloader configuration -
 - PASSED - Remediation not required
*****************************************************************
*****************************************************************
 - 1.5.1.3 - Ensure SELinux policy is configured -
 - MANUAL - Recommendation needs to be remediated manually
*****************************************************************
*****************************************************************
 - 1.5.1.4 - Ensure the SELinux mode is not disabled -
 - MANUAL - Recommendation needs to be remediated manually
*****************************************************************
*****************************************************************
 - 1.5.1.5 - Ensure the SELinux mode is enforcing -
 - SKIPPED - Recommendation not in selected profile
*****************************************************************
*****************************************************************
 - 1.5.1.6 - Ensure no unconfined services exist -
 - PASSED - Remediation not required
*****************************************************************
*****************************************************************
 - 1.5.1.7 - Ensure the MCS Translation Service (mcstrans) is not installed -
 - PASSED - Remediation not required
*****************************************************************
*****************************************************************
 - 1.5.1.8 - Ensure SETroubleshoot is not installed -
 - PASSED - Remediation not required
*****************************************************************
*****************************************************************
 - 1.6.1 - Ensure message of the day is configured properly -
 - EXCLUDED - Recommendation on the excluded list
*****************************************************************
*****************************************************************
 - 1.6.2 - Ensure local login warning banner is configured properly -
 - REMEDIATED - Recommendation successfully remediated
*****************************************************************
*****************************************************************
 - 1.6.3 - Ensure remote login warning banner is configured properly -
 - REMEDIATED - Recommendation successfully remediated
*****************************************************************
*****************************************************************
 - 1.6.4 - Ensure access to /etc/motd is configured -
 - PASSED - Remediation not required
*****************************************************************
*****************************************************************
 - 1.6.5 - Ensure access to /etc/issue is configured -
 - PASSED - Remediation not required
*****************************************************************
*****************************************************************
 - 1.6.6 - Ensure access to /etc/issue.net is configured -
 - PASSED - Remediation not required
*****************************************************************
*****************************************************************
 - 2.1.1 - Ensure time synchronization is in use -
 - PASSED - Remediation not required
*****************************************************************
*****************************************************************
 - 2.1.2 - Ensure chrony is configured -
 - MANUAL - Recommendation needs to be remediated manually
*****************************************************************
*****************************************************************
 - 2.1.3 - Ensure chrony is not run as the root user -
 - PASSED - Remediation not required
*****************************************************************
*****************************************************************
 - 2.2.1 - Ensure autofs services are not in use -
 - N/A - Recommendation is non applicable
*****************************************************************
*****************************************************************
 - 2.2.2 - Ensure avahi daemon services are not in use -
 - PASSED - Remediation not required
*****************************************************************
*****************************************************************
 - 2.2.3 - Ensure dhcp server services are not in use -
 - PASSED - Remediation not required
*****************************************************************
*****************************************************************
 - 2.2.4 - Ensure dns server services are not in use -
 - PASSED - Remediation not required
*****************************************************************
*****************************************************************
 - 2.2.5 - Ensure dnsmasq services are not in use -
 - PASSED - Remediation not required
*****************************************************************
*****************************************************************
 - 2.2.6 - Ensure samba file server services are not in use -
 - PASSED - Remediation not required
*****************************************************************
*****************************************************************
 - 2.2.7 - Ensure ftp server services are not in use -
 - PASSED - Remediation not required
*****************************************************************
*****************************************************************
 - 2.2.8 - Ensure message access server services are not in use -
 - PASSED - Remediation not required
*****************************************************************
*****************************************************************
 - 2.2.9 - Ensure network file system services are not in use -
 - REMEDIATED - Recommendation successfully remediated
*****************************************************************
*****************************************************************
 - 2.2.10 - Ensure nis server services are not in use -
 - PASSED - Remediation not required
*****************************************************************
*****************************************************************
 - 2.2.11 - Ensure print server services are not in use -
 - PASSED - Remediation not required
*****************************************************************
*****************************************************************
 - 2.2.12 - Ensure rpcbind services are not in use -
 - REMEDIATED - Recommendation successfully remediated
*****************************************************************
*****************************************************************
 - 2.2.13 - Ensure rsync services are not in use -
 - PASSED - Remediation not required
*****************************************************************
*****************************************************************
 - 2.2.14 - Ensure snmp services are not in use -
 - PASSED - Remediation not required
*****************************************************************
*****************************************************************
 - 2.2.15 - Ensure telnet server services are not in use -
 - PASSED - Remediation not required
*****************************************************************
*****************************************************************
 - 2.2.16 - Ensure tftp server services are not in use -
 - PASSED - Remediation not required
*****************************************************************
*****************************************************************
 - 2.2.17 - Ensure web proxy server services are not in use -
 - PASSED - Remediation not required
*****************************************************************
*****************************************************************
 - 2.2.18 - Ensure web server services are not in use -
 - PASSED - Remediation not required
*****************************************************************
*****************************************************************
 - 2.2.19 - Ensure xinetd services are not in use -
 - PASSED - Remediation not required
*****************************************************************
*****************************************************************
 - 2.2.20 - Ensure X window server services are not in use -
 - SKIPPED - Recommendation not in selected profile
*****************************************************************
*****************************************************************
 - 2.2.21 - Ensure mail transfer agents are configured for local-only mode -
 - PASSED - Remediation not required
*****************************************************************
*****************************************************************
 - 2.2.22 - Ensure only approved services are listening on a network interface -
 - MANUAL - Recommendation needs to be remediated manually
*****************************************************************
*****************************************************************
 - 2.3.1 - Ensure ftp client is not installed -
 - PASSED - Remediation not required
*****************************************************************
*****************************************************************
 - 2.3.2 - Ensure ldap client is not installed -
 - SKIPPED - Recommendation not in selected profile
*****************************************************************
*****************************************************************
 - 2.3.3 - Ensure nis client is not installed -
 - PASSED - Remediation not required
*****************************************************************
*****************************************************************
 - 2.3.4 - Ensure telnet client is not installed -
 - PASSED - Remediation not required
*****************************************************************
*****************************************************************
 - 2.3.5 - Ensure tftp client is not installed -
 - PASSED - Remediation not required
*****************************************************************
*****************************************************************
 - 3.1.1 - Ensure IPv6 status is identified -
 - MANUAL - Recommendation needs to be remediated manually
*****************************************************************
*****************************************************************
 - 3.1.2 - Ensure wireless interfaces are disabled -
 - PASSED - Remediation not required
*****************************************************************
*****************************************************************
 - 3.1.3 - Ensure bluetooth services are not in use -
 - PASSED - Remediation not required
*****************************************************************
*****************************************************************
 - 3.2.1 - Ensure dccp kernel module is not available -
 - EXCLUDED - Recommendation on the excluded list
*****************************************************************
*****************************************************************
 - 3.2.2 - Ensure tipc kernel module is not available -
 - SKIPPED - Recommendation not in selected profile
*****************************************************************
*****************************************************************
 - 3.2.3 - Ensure rds kernel module is not available -
 - SKIPPED - Recommendation not in selected profile
*****************************************************************
*****************************************************************
 - 3.2.4 - Ensure sctp kernel module is not available -
 - SKIPPED - Recommendation not in selected profile
*****************************************************************
*****************************************************************
 - 3.3.1 - Ensure ip forwarding is disabled -
 - EXCLUDED - Recommendation on the excluded list
*****************************************************************
*****************************************************************
 - 3.3.2 - Ensure packet redirect sending is disabled -
 - EXCLUDED - Recommendation on the excluded list
*****************************************************************
*****************************************************************
 - 3.3.3 - Ensure bogus icmp responses are ignored -
 - REMEDIATED - Recommendation successfully remediated
*****************************************************************
*****************************************************************
 - 3.3.4 - Ensure broadcast icmp requests are ignored -
 - REMEDIATED - Recommendation successfully remediated
*****************************************************************
*****************************************************************
 - 3.3.5 - Ensure icmp redirects are not accepted -
 - REMEDIATED - Recommendation successfully remediated
*****************************************************************
*****************************************************************
 - 3.3.6 - Ensure secure icmp redirects are not accepted -
 - REMEDIATED - Recommendation successfully remediated
*****************************************************************
*****************************************************************
 - 3.3.7 - Ensure reverse path filtering is enabled -
 - PASSED - Remediation not required
*****************************************************************
*****************************************************************
 - 3.3.8 - Ensure source routed packets are not accepted -
 - REMEDIATED - Recommendation successfully remediated
*****************************************************************
*****************************************************************
 - 3.3.9 - Ensure suspicious packets are logged -
 - EXCLUDED - Recommendation on the excluded list
*****************************************************************
*****************************************************************
 - 3.3.10 - Ensure tcp syn cookies is enabled -
 - REMEDIATED - Recommendation successfully remediated
*****************************************************************
*****************************************************************
 - 3.3.11 - Ensure ipv6 router advertisements are not accepted -
 - REMEDIATED - Recommendation successfully remediated
*****************************************************************
*****************************************************************
 - 3.4.1.1 - Ensure iptables is installed -
 - EXCLUDED - Recommendation on the excluded list
*****************************************************************
*****************************************************************
 - 3.4.1.2 - Ensure a single firewall configuration utility is in use -
 - MANUAL - Recommendation needs to be remediated manually
*****************************************************************
*****************************************************************
 - 3.4.2.1 - Ensure firewalld is installed -
 - MANUAL - Recommendation needs to be remediated manually
*****************************************************************
*****************************************************************
 - 3.4.2.2 - Ensure firewalld service enabled and running -
 - MANUAL - Recommendation needs to be remediated manually
*****************************************************************
*****************************************************************
 - 3.4.2.3 - Ensure firewalld drops unnecessary services and ports -
 - MANUAL - Recommendation needs to be remediated manually
*****************************************************************
*****************************************************************
 - 3.4.2.4 - Ensure network interfaces are assigned to appropriate zone -
 - EXCLUDED - Recommendation on the excluded list
*****************************************************************
*****************************************************************
 - 3.4.3.1 - Ensure nftables is installed -
 - MANUAL - Recommendation needs to be remediated manually
*****************************************************************
*****************************************************************
 - 3.4.3.2 - Ensure iptables are flushed with nftables -
 - MANUAL - Recommendation needs to be remediated manually
*****************************************************************
*****************************************************************
 - 3.4.3.3 - Ensure an nftables table exists -
 - MANUAL - Recommendation needs to be remediated manually
*****************************************************************
*****************************************************************
 - 3.4.3.4 - Ensure nftables base chains exist -
 - MANUAL - Recommendation needs to be remediated manually
*****************************************************************
*****************************************************************
 - 3.4.3.5 - Ensure nftables loopback traffic is configured -
 - MANUAL - Recommendation needs to be remediated manually
*****************************************************************
*****************************************************************
 - 3.4.3.6 - Ensure nftables outbound and established connections are configured -
 - MANUAL - Recommendation needs to be remediated manually
*****************************************************************
*****************************************************************
 - 3.4.3.7 - Ensure nftables default deny firewall policy -
 - MANUAL - Recommendation needs to be remediated manually
*****************************************************************
*****************************************************************
 - 3.4.3.8 - Ensure nftables service is enabled and active -
 - MANUAL - Recommendation needs to be remediated manually
*****************************************************************
*****************************************************************
 - 3.4.3.9 - Ensure nftables rules are permanent -
 - MANUAL - Recommendation needs to be remediated manually
*****************************************************************
*****************************************************************
 - 3.4.4.1.1 - Ensure iptables packages are installed -
 - MANUAL - Recommendation needs to be remediated manually
*****************************************************************
*****************************************************************
 - 3.4.4.2.1 - Ensure iptables loopback traffic is configured -
 - REMEDIATED - Recommendation successfully remediated
*****************************************************************
*****************************************************************
 - 3.4.4.2.2 - Ensure iptables outbound and established connections are configured -
 - MANUAL - Recommendation needs to be remediated manually
*****************************************************************
*****************************************************************
 - 3.4.4.2.3 - Ensure iptables rules exist for all open ports -
 - EXCLUDED - Recommendation on the excluded list
*****************************************************************
*****************************************************************
 - 3.4.4.2.4 - Ensure iptables default deny firewall policy -
 - EXCLUDED - Recommendation on the excluded list
*****************************************************************
*****************************************************************
 - 3.4.4.2.5 - Ensure iptables rules are saved -
 - MANUAL - Recommendation needs to be remediated manually
*****************************************************************
*****************************************************************
 - 3.4.4.2.6 - Ensure iptables service is enabled and active -
 - MANUAL - Recommendation needs to be remediated manually
*****************************************************************
*****************************************************************
 - 3.4.4.3.1 - Ensure ip6tables loopback traffic is configured -
 - MANUAL - Recommendation needs to be remediated manually
*****************************************************************
*****************************************************************
 - 3.4.4.3.2 - Ensure ip6tables outbound and established connections are configured -
 - MANUAL - Recommendation needs to be remediated manually
*****************************************************************
*****************************************************************
 - 3.4.4.3.3 - Ensure ip6tables firewall rules exist for all open ports -
 - EXCLUDED - Recommendation on the excluded list
*****************************************************************
*****************************************************************
 - 3.4.4.3.4 - Ensure ip6tables default deny firewall policy -
 - MANUAL - Recommendation needs to be remediated manually
*****************************************************************
*****************************************************************
 - 3.4.4.3.5 - Ensure ip6tables rules are saved -
 - MANUAL - Recommendation needs to be remediated manually
*****************************************************************
*****************************************************************
 - 3.4.4.3.6 - Ensure ip6tables is enabled and active -
 - MANUAL - Recommendation needs to be remediated manually
*****************************************************************
*****************************************************************
 - 4.1.1.1 - Ensure cron daemon is enabled and active -
 - PASSED - Remediation not required
*****************************************************************
*****************************************************************
 - 4.1.1.2 - Ensure permissions on /etc/crontab are configured -
 - REMEDIATED - Recommendation successfully remediated
*****************************************************************
*****************************************************************
 - 4.1.1.3 - Ensure permissions on /etc/cron.hourly are configured -
 - REMEDIATED - Recommendation successfully remediated
*****************************************************************
*****************************************************************
 - 4.1.1.4 - Ensure permissions on /etc/cron.daily are configured -
 - REMEDIATED - Recommendation successfully remediated
*****************************************************************
*****************************************************************
 - 4.1.1.5 - Ensure permissions on /etc/cron.weekly are configured -
 - REMEDIATED - Recommendation successfully remediated
*****************************************************************
*****************************************************************
 - 4.1.1.6 - Ensure permissions on /etc/cron.monthly are configured -
 - REMEDIATED - Recommendation successfully remediated
*****************************************************************
*****************************************************************
 - 4.1.1.7 - Ensure permissions on /etc/cron.d are configured -
 - REMEDIATED - Recommendation successfully remediated
*****************************************************************
*****************************************************************
 - 4.1.1.8 - Ensure crontab is restricted to authorized users -
 - REMEDIATED - Recommendation successfully remediated
*****************************************************************
*****************************************************************
 - 4.1.2.1 - Ensure at is restricted to authorized users -
 - REMEDIATED - Recommendation successfully remediated
*****************************************************************
*****************************************************************
 - 4.2.1 - Ensure permissions on /etc/ssh/sshd_config are configured -
 - PASSED - Remediation not required
*****************************************************************
*****************************************************************
 - 4.2.2 - Ensure permissions on SSH private host key files are configured -
 - PASSED - Remediation not required
*****************************************************************
*****************************************************************
 - 4.2.3 - Ensure permissions on SSH public host key files are configured -
 - PASSED - Remediation not required
*****************************************************************
*****************************************************************
 - 4.2.4 - Ensure sshd access is configured -
 - MANUAL - Recommendation needs to be remediated manually
*****************************************************************
*****************************************************************
 - 4.2.5 - Ensure sshd Banner is configured -
 - REMEDIATED - Recommendation successfully remediated
*****************************************************************
*****************************************************************
 - 4.2.6 - Ensure sshd Ciphers are configured -
 - PASSED - Remediation not required
*****************************************************************
*****************************************************************
 - 4.2.7 - Ensure sshd ClientAliveInterval and ClientAliveCountMax are configured -
 - REMEDIATED - Recommendation successfully remediated
*****************************************************************
*****************************************************************
 - 4.2.8 - Ensure sshd DisableForwarding is enabled -
 - SKIPPED - Recommendation not in selected profile
*****************************************************************
*****************************************************************
 - 4.2.9 - Ensure sshd GSSAPIAuthentication is disabled -
 - SKIPPED - Recommendation not in selected profile
*****************************************************************
*****************************************************************
 - 4.2.10 - Ensure sshd HostbasedAuthentication is disabled -
 - REMEDIATED - Recommendation successfully remediated
*****************************************************************
*****************************************************************
 - 4.2.11 - Ensure sshd IgnoreRhosts is enabled -
 - REMEDIATED - Recommendation successfully remediated
*****************************************************************
*****************************************************************
 - 4.2.12 - Ensure sshd KexAlgorithms is configured -
 - MANUAL - Recommendation needs to be remediated manually
*****************************************************************
*****************************************************************
 - 4.2.13 - Ensure sshd LoginGraceTime is configured -
 - REMEDIATED - Recommendation successfully remediated
*****************************************************************
*****************************************************************
 - 4.2.14 - Ensure sshd LogLevel is configured -
 - REMEDIATED - Recommendation successfully remediated
*****************************************************************
*****************************************************************
 - 4.2.15 - Ensure sshd MACs are configured -
 - MANUAL - Recommendation needs to be remediated manually
*****************************************************************
*****************************************************************
 - 4.2.16 - Ensure sshd MaxAuthTries is configured -
 - REMEDIATED - Recommendation successfully remediated
*****************************************************************
*****************************************************************
 - 4.2.17 - Ensure sshd MaxSessions is configured -
 - REMEDIATED - Recommendation successfully remediated
*****************************************************************
*****************************************************************
 - 4.2.18 - Ensure sshd MaxStartups is configured -
 - REMEDIATED - Recommendation successfully remediated
*****************************************************************
*****************************************************************
 - 4.2.19 - Ensure sshd PermitEmptyPasswords is disabled -
 - REMEDIATED - Recommendation successfully remediated
*****************************************************************
*****************************************************************
 - 4.2.20 - Ensure sshd PermitRootLogin is disabled -
 - REMEDIATED - Recommendation successfully remediated
*****************************************************************
*****************************************************************
 - 4.2.21 - Ensure sshd PermitUserEnvironment is disabled -
 - REMEDIATED - Recommendation successfully remediated
*****************************************************************
*****************************************************************
 - 4.2.22 - Ensure sshd UsePAM is enabled -
 - PASSED - Remediation not required
*****************************************************************
*****************************************************************
 - 4.3.1 - Ensure sudo is installed -
 - PASSED - Remediation not required
*****************************************************************
*****************************************************************
 - 4.3.2 - Ensure sudo commands use pty -
 - REMEDIATED - Recommendation successfully remediated
*****************************************************************
*****************************************************************
 - 4.3.3 - Ensure sudo log file exists -
 - REMEDIATED - Recommendation successfully remediated
*****************************************************************
*****************************************************************
 - 4.3.4 - Ensure users must provide password for escalation -
 - SKIPPED - Recommendation not in selected profile
*****************************************************************
*****************************************************************
 - 4.3.5 - Ensure re-authentication for privilege escalation is not disabled globally -
 - PASSED - Remediation not required
*****************************************************************
*****************************************************************
 - 4.3.6 - Ensure sudo authentication timeout is configured correctly -
 - PASSED - Remediation not required
*****************************************************************
*****************************************************************
 - 4.3.7 - Ensure access to the su command is restricted -
 - MANUAL - Recommendation needs to be remediated manually
*****************************************************************
*****************************************************************
 - 4.4.1.1 - Ensure latest version of pam is installed -
 - PASSED - Remediation not required
*****************************************************************
*****************************************************************
 - 4.4.1.2 - Ensure libpwquality is installed -
 - PASSED - Remediation not required
*****************************************************************
*****************************************************************
 - 4.4.2.1.1 - Ensure pam_faillock module is enabled -
 - MANUAL - Recommendation needs to be remediated manually
*****************************************************************
*****************************************************************
 - 4.4.2.1.2 - Ensure password failed attempts lockout is configured -
 - REMEDIATED - Recommendation successfully remediated
*****************************************************************
*****************************************************************
 - 4.4.2.1.3 - Ensure password unlock time is configured -
 - REMEDIATED - Recommendation successfully remediated
*****************************************************************
*****************************************************************
 - 4.4.2.1.4 - Ensure password failed attempts lockout includes root account -
 - SKIPPED - Recommendation not in selected profile
*****************************************************************
*****************************************************************
 - 4.4.2.2.1 - Ensure pam_pwquality module is enabled -
 - MANUAL - Recommendation needs to be remediated manually
*****************************************************************
*****************************************************************
 - 4.4.2.2.2 - Ensure password number of changed characters is configured -
 - REMEDIATED - Recommendation successfully remediated
*****************************************************************
*****************************************************************
 - 4.4.2.2.3 - Ensure password length is configured -
 - REMEDIATED - Recommendation successfully remediated
*****************************************************************
*****************************************************************
 - 4.4.2.2.4 - Ensure password complexity is configured -
 - REMEDIATED - Recommendation successfully remediated
*****************************************************************
*****************************************************************
 - 4.4.2.2.5 - Ensure password same consecutive characters is configured -
 - REMEDIATED - Recommendation successfully remediated
*****************************************************************
*****************************************************************
 - 4.4.2.2.6 - Ensure password maximum sequential characters is configured -
 - REMEDIATED - Recommendation successfully remediated
*****************************************************************
*****************************************************************
 - 4.4.2.2.7 - Ensure password dictionary check is enabled -
 - REMEDIATED - Recommendation successfully remediated
*****************************************************************
*****************************************************************
 - 4.4.2.3.1 - Ensure pam_pwhistory module is enabled -
 - REMEDIATED - Recommendation successfully remediated
*****************************************************************
*****************************************************************
 - 4.4.2.3.2 - Ensure password history remember is configured -
 - PASSED - Remediation not required
*****************************************************************
*****************************************************************
 - 4.4.2.3.3 - Ensure password history is enforced for the root user -
 - PASSED - Remediation not required
*****************************************************************
*****************************************************************
 - 4.4.2.3.4 - Ensure pam_pwhistory includes use_authtok -
 - PASSED - Remediation not required
*****************************************************************
*****************************************************************
 - 4.4.2.4.1 - Ensure pam_unix does not include nullok -
 - REMEDIATED - Recommendation successfully remediated
*****************************************************************
*****************************************************************
 - 4.4.2.4.2 - Ensure pam_unix does not include remember -
 - PASSED - Remediation not required
*****************************************************************
*****************************************************************
 - 4.4.2.4.3 - Ensure pam_unix includes a strong password hashing algorithm -
 - PASSED - Remediation not required
*****************************************************************
*****************************************************************
 - 4.4.2.4.4 - Ensure pam_unix includes use_authtok -
 - PASSED - Remediation not required
*****************************************************************
*****************************************************************
 - 4.5.1.1 - Ensure strong password hashing algorithm is configured -
 - PASSED - Remediation not required
*****************************************************************
*****************************************************************
 - 4.5.1.2 - Ensure password expiration is 365 days or less -
 - MANUAL - Recommendation needs to be remediated manually
*****************************************************************
*****************************************************************
 - 4.5.1.3 - Ensure password expiration warning days is 7 or more -
 - PASSED - Remediation not required
*****************************************************************
*****************************************************************
 - 4.5.1.4 - Ensure inactive password lock is 30 days or less -
 - MANUAL - Recommendation needs to be remediated manually
*****************************************************************
*****************************************************************
 - 4.5.1.5 - Ensure all users last password change date is in the past -
 - PASSED - Remediation not required
*****************************************************************
*****************************************************************
 - 4.5.2.1 - Ensure default group for the root account is GID 0 -
 - PASSED - Remediation not required
*****************************************************************
*****************************************************************
 - 4.5.2.2 - Ensure root user umask is configured -
 - PASSED - Remediation not required
*****************************************************************
*****************************************************************
 - 4.5.2.3 - Ensure system accounts are secured -
 - PASSED - Remediation not required
*****************************************************************
*****************************************************************
 - 4.5.2.4 - Ensure root password is set -
 - MANUAL - Recommendation needs to be remediated manually
*****************************************************************
*****************************************************************
 - 4.5.3.1 - Ensure nologin is not listed in /etc/shells -
 - SKIPPED - Recommendation not in selected profile
*****************************************************************
*****************************************************************
 - 4.5.3.2 - Ensure default user shell timeout is configured -
 - REMEDIATED - Recommendation successfully remediated
*****************************************************************
*****************************************************************
 - 4.5.3.3 - Ensure default user umask is configured -
 - MANUAL - Recommendation needs to be remediated manually
*****************************************************************
*****************************************************************
 - 5.1.3 - Ensure logrotate is configured -
 - MANUAL - Recommendation needs to be remediated manually
*****************************************************************
*****************************************************************
 - 5.1.4 - Ensure all logfiles have appropriate access configured -
 - REMEDIATED - Recommendation successfully remediated
*****************************************************************
*****************************************************************
 - 5.1.1.1 - Ensure rsyslog is installed -
 - PASSED - Remediation not required
*****************************************************************
*****************************************************************
 - 5.1.1.2 - Ensure rsyslog service is enabled -
 - PASSED - Remediation not required
*****************************************************************
*****************************************************************
 - 5.1.1.3 - Ensure journald is configured to send logs to rsyslog -
 - REMEDIATED - Recommendation successfully remediated
*****************************************************************
*****************************************************************
 - 5.1.1.4 - Ensure rsyslog default file permissions are configured -
 - REMEDIATED - Recommendation successfully remediated
*****************************************************************
*****************************************************************
 - 5.1.1.5 - Ensure logging is configured -
 - MANUAL - Recommendation needs to be remediated manually
*****************************************************************
*****************************************************************
 - 5.1.1.6 - Ensure rsyslog is configured to send logs to a remote log host -
 - MANUAL - Recommendation needs to be remediated manually
*****************************************************************
*****************************************************************
 - 5.1.1.7 - Ensure rsyslog is not configured to receive logs from a remote client -
 - PASSED - Remediation not required
*****************************************************************
*****************************************************************
 - 5.1.2.2 - Ensure journald service is enabled -
 - PASSED - Remediation not required
*****************************************************************
*****************************************************************
 - 5.1.2.3 - Ensure journald is configured to compress large log files -
 - REMEDIATED - Recommendation successfully remediated
*****************************************************************
*****************************************************************
 - 5.1.2.4 - Ensure journald is configured to write logfiles to persistent disk -
 - REMEDIATED - Recommendation successfully remediated
*****************************************************************
*****************************************************************
 - 5.1.2.5 - Ensure journald is not configured to send logs to rsyslog -
 - MANUAL - Recommendation needs to be remediated manually
*****************************************************************
*****************************************************************
 - 5.1.2.6 - Ensure journald log rotation is configured per site policy -
 - MANUAL - Recommendation needs to be remediated manually
*****************************************************************
*****************************************************************
 - 5.1.2.1.1 - Ensure systemd-journal-remote is installed -
 - N/A - Recommendation is non applicable
*****************************************************************
*****************************************************************
 - 5.1.2.1.2 - Ensure systemd-journal-remote is configured -
 - MANUAL - Recommendation needs to be remediated manually
*****************************************************************
*****************************************************************
 - 5.1.2.1.3 - Ensure systemd-journal-remote is enabled -
 - N/A - Recommendation is non applicable
*****************************************************************
*****************************************************************
 - 5.1.2.1.4 - Ensure journald is not configured to receive logs from a remote client -
 - PASSED - Remediation not required
*****************************************************************
*****************************************************************
 - 5.2.1.1 - Ensure audit is installed -
 - EXCLUDED - Recommendation on the excluded list
*****************************************************************
*****************************************************************
 - 5.2.1.2 - Ensure auditing for processes that start prior to auditd is enabled -
 - EXCLUDED - Recommendation on the excluded list
*****************************************************************
*****************************************************************
 - 5.2.1.3 - Ensure audit_backlog_limit is sufficient -
 - EXCLUDED - Recommendation on the excluded list
*****************************************************************
*****************************************************************
 - 5.2.1.4 - Ensure auditd service is enabled -
 - EXCLUDED - Recommendation on the excluded list
*****************************************************************
*****************************************************************
 - 5.2.2.1 - Ensure audit log storage size is configured -
 - SKIPPED - Recommendation not in selected profile
*****************************************************************
*****************************************************************
 - 5.2.2.2 - Ensure audit logs are not automatically deleted -
 - EXCLUDED - Recommendation on the excluded list
*****************************************************************
*****************************************************************
 - 5.2.2.3 - Ensure system is disabled when audit logs are full -
 - SKIPPED - Recommendation not in selected profile
*****************************************************************
*****************************************************************
 - 5.2.2.4 - Ensure system warns when audit logs are low on space -
 - SKIPPED - Recommendation not in selected profile
*****************************************************************
*****************************************************************
 - 5.2.3.1 - Ensure changes to system administration scope (sudoers) is collected -
 - SKIPPED - Recommendation not in selected profile
*****************************************************************
*****************************************************************
 - 5.2.3.2 - Ensure actions as another user are always logged -
 - SKIPPED - Recommendation not in selected profile
*****************************************************************
*****************************************************************
 - 5.2.3.3 - Ensure events that modify the sudo log file are collected -
 - SKIPPED - Recommendation not in selected profile
*****************************************************************
*****************************************************************
 - 5.2.3.4 - Ensure events that modify date and time information are collected -
 - SKIPPED - Recommendation not in selected profile
*****************************************************************
*****************************************************************
 - 5.2.3.5 - Ensure events that modify the system's network environment are collected -
 - SKIPPED - Recommendation not in selected profile
*****************************************************************
*****************************************************************
 - 5.2.3.6 - Ensure use of privileged commands are collected -
 - SKIPPED - Recommendation not in selected profile
*****************************************************************
*****************************************************************
 - 5.2.3.7 - Ensure unsuccessful file access attempts are collected -
 - SKIPPED - Recommendation not in selected profile
*****************************************************************
*****************************************************************
 - 5.2.3.8 - Ensure events that modify user/group information are collected -
 - SKIPPED - Recommendation not in selected profile
*****************************************************************
*****************************************************************
 - 5.2.3.9 - Ensure discretionary access control permission modification events are collected -
 - SKIPPED - Recommendation not in selected profile
*****************************************************************
*****************************************************************
 - 5.2.3.10 - Ensure successful file system mounts are collected -
 - SKIPPED - Recommendation not in selected profile
*****************************************************************
*****************************************************************
 - 5.2.3.11 - Ensure session initiation information is collected -
 - SKIPPED - Recommendation not in selected profile
*****************************************************************
*****************************************************************
 - 5.2.3.12 - Ensure login and logout events are collected -
 - SKIPPED - Recommendation not in selected profile
*****************************************************************
*****************************************************************
 - 5.2.3.13 - Ensure file deletion events by users are collected -
 - SKIPPED - Recommendation not in selected profile
*****************************************************************
*****************************************************************
 - 5.2.3.14 - Ensure events that modify the system's Mandatory Access Controls are collected -
 - SKIPPED - Recommendation not in selected profile
*****************************************************************
*****************************************************************
 - 5.2.3.15 - Ensure successful and unsuccessful attempts to use the chcon command are recorded -
 - SKIPPED - Recommendation not in selected profile
*****************************************************************
*****************************************************************
 - 5.2.3.16 - Ensure successful and unsuccessful attempts to use the setfacl command are recorded -
 - SKIPPED - Recommendation not in selected profile
*****************************************************************
*****************************************************************
 - 5.2.3.17 - Ensure successful and unsuccessful attempts to use the chacl command are recorded -
 - SKIPPED - Recommendation not in selected profile
*****************************************************************
*****************************************************************
 - 5.2.3.18 - Ensure successful and unsuccessful attempts to use the usermod command are recorded -
 - SKIPPED - Recommendation not in selected profile
*****************************************************************
*****************************************************************
 - 5.2.3.19 - Ensure kernel module loading unloading and modification is collected -
 - SKIPPED - Recommendation not in selected profile
*****************************************************************
*****************************************************************
 - 5.2.3.20 - Ensure the audit configuration is immutable -
 - SKIPPED - Recommendation not in selected profile
*****************************************************************
*****************************************************************
 - 5.2.3.21 - Ensure the running and on disk configuration is the same -
 - SKIPPED - Recommendation not in selected profile
*****************************************************************
*****************************************************************
 - 5.2.4.1 - Ensure the audit log directory is 0750 or more restrictive -
 - SKIPPED - Recommendation not in selected profile
*****************************************************************
*****************************************************************
 - 5.2.4.2 - Ensure audit log files are mode 0640 or less permissive -
 - SKIPPED - Recommendation not in selected profile
*****************************************************************
*****************************************************************
 - 5.2.4.3 - Ensure only authorized users own audit log files -
 - SKIPPED - Recommendation not in selected profile
*****************************************************************
*****************************************************************
 - 5.2.4.4 - Ensure only authorized groups are assigned ownership of audit log files -
 - SKIPPED - Recommendation not in selected profile
*****************************************************************
*****************************************************************
 - 5.2.4.5 - Ensure audit configuration files are 640 or more restrictive -
 - SKIPPED - Recommendation not in selected profile
*****************************************************************
*****************************************************************
 - 5.2.4.6 - Ensure audit configuration files are owned by root -
 - SKIPPED - Recommendation not in selected profile
*****************************************************************
*****************************************************************
 - 5.2.4.7 - Ensure audit configuration files belong to group root -
 - SKIPPED - Recommendation not in selected profile
*****************************************************************
*****************************************************************
 - 5.2.4.8 - Ensure audit tools are 755 or more restrictive -
 - SKIPPED - Recommendation not in selected profile
*****************************************************************
*****************************************************************
 - 5.2.4.9 - Ensure audit tools are owned by root -
 - SKIPPED - Recommendation not in selected profile
*****************************************************************
*****************************************************************
 - 5.2.4.10 - Ensure audit tools belong to group root -
 - SKIPPED - Recommendation not in selected profile
*****************************************************************
*****************************************************************
 - 5.3.1 - Ensure AIDE is installed -
 - REMEDIATED - Recommendation successfully remediated
*****************************************************************
*****************************************************************
 - 5.3.2 - Ensure filesystem integrity is regularly checked -
 - MANUAL - Recommendation needs to be remediated manually
*****************************************************************
*****************************************************************
 - 6.1.1 - Ensure permissions on /etc/passwd are configured -
 - PASSED - Remediation not required
*****************************************************************
*****************************************************************
 - 6.1.2 - Ensure permissions on /etc/passwd- are configured -
 - PASSED - Remediation not required
*****************************************************************
*****************************************************************
 - 6.1.3 - Ensure permissions on /etc/group are configured -
 - PASSED - Remediation not required
*****************************************************************
*****************************************************************
 - 6.1.4 - Ensure permissions on /etc/group- are configured -
 - PASSED - Remediation not required
*****************************************************************
*****************************************************************
 - 6.1.5 - Ensure permissions on /etc/shadow are configured -
 - PASSED - Remediation not required
*****************************************************************
*****************************************************************
 - 6.1.6 - Ensure permissions on /etc/shadow- are configured -
 - PASSED - Remediation not required
*****************************************************************
*****************************************************************
 - 6.1.7 - Ensure permissions on /etc/gshadow are configured -
 - PASSED - Remediation not required
*****************************************************************
*****************************************************************
 - 6.1.8 - Ensure permissions on /etc/gshadow- are configured -
 - PASSED - Remediation not required
*****************************************************************
*****************************************************************
 - 6.1.9 - Ensure permissions on /etc/shells are configured -
 - PASSED - Remediation not required
*****************************************************************
*****************************************************************
 - 6.1.10 - Ensure permissions on /etc/security/opasswd are configured -
 - PASSED - Remediation not required
*****************************************************************
*****************************************************************
 - 6.1.11 - Ensure world writable files and directories are secured -
 - EXCLUDED - Recommendation on the excluded list
*****************************************************************
*****************************************************************
 - 6.1.12 - Ensure no unowned or ungrouped files or directories exist -
 - EXCLUDED - Recommendation on the excluded list
*****************************************************************
*****************************************************************
 - 6.1.13 - Ensure SUID and SGID files are reviewed -
 - MANUAL - Recommendation needs to be remediated manually
*****************************************************************
*****************************************************************
 - 6.1.14 - Audit system file permissions -
 - SKIPPED - Recommendation not in selected profile
*****************************************************************
*****************************************************************
 - 6.2.1 - Ensure accounts in /etc/passwd use shadowed passwords -
 - PASSED - Remediation not required
*****************************************************************
*****************************************************************
 - 6.2.2 - Ensure /etc/shadow password fields are not empty -
 - PASSED - Remediation not required
*****************************************************************
*****************************************************************
 - 6.2.3 - Ensure all groups in /etc/passwd exist in /etc/group -
 - PASSED - Remediation not required
*****************************************************************
*****************************************************************
 - 6.2.4 - Ensure no duplicate UIDs exist -
 - PASSED - Remediation not required
*****************************************************************
*****************************************************************
 - 6.2.5 - Ensure no duplicate GIDs exist -
 - PASSED - Remediation not required
*****************************************************************
*****************************************************************
 - 6.2.6 - Ensure no duplicate user names exist -
 - PASSED - Remediation not required
*****************************************************************
*****************************************************************
 - 6.2.7 - Ensure no duplicate group names exist -
 - PASSED - Remediation not required
*****************************************************************
*****************************************************************
 - 6.2.8 - Ensure root path integrity -
 - MANUAL - Recommendation needs to be remediated manually
*****************************************************************
*****************************************************************
 - 6.2.9 - Ensure root is the only UID 0 account -
 - PASSED - Remediation not required
*****************************************************************
*****************************************************************
 - 6.2.10 - Ensure local interactive user home directories are configured -
 - PASSED - Remediation not required
*****************************************************************
*****************************************************************
 - 6.2.11 - Ensure local interactive user dot files access is configured -
 - PASSED - Remediation not required
*****************************************************************

 ---------------------------TOTALS----------------------------
 - Total      - Total number of recommendations:         - 289
 - Skipped    - Recommendations not in selected profile: - 54
 - NA         - Recommendations that are not applicable: - 3
 - Excluded   - Recommendations on the excluded list:    - 18
 - Passed     - Recommendations already remediated:      - 89
 - Remediated - Recommendations successfully remediated: - 63
 - Manual     - Recommendations need manual remediation  - 62
 - Failed     - Recommendations failed remediation:      - 0
 -------------------------------------------------------------
            ----------------SUMMARY---------------
            -  TOTAL RECOMMENDATIONS         - 289
            -  APPLICABLE RECOMMENDATIONS    - 214
            -  PASSING RECOMMENDATIONS       - 152
            -  MANUAL REMEDIATION NEEDED     - 62
            --------------------------------------
