*****************************************************************
*****************************************************************

 - Each entry below countains a specific recommendation title that requires manual remediation and should be addressed.

 - To properly remediate each manual recommendation, open the corresponding CIS Benchmark PDF and navigate to the same recommendation number and name in the document.
 - Steps to audit and remediate that recommendation can be found for each item. Follow those instructions given in order to bring the system into compliance with the benchmark.

 - It is sometimes helpful after following the steps in the Remediation section to follow up by performing the steps in the Audit section to verify that the remediation was performed successfully.

 - A copy of the benchmark PDF document can be obtained at the following URL:

   https://workbench.cisecurity.org/benchmarks/8754

*****************************************************************
*****************************************************************
 - 1.1.2.3.2 - Ensure nodev option set on /home partition -
 - MANUAL - Recommendation needs to be remediated manually
*****************************************************************
*****************************************************************
 - 1.1.2.3.3 - Ensure nosuid option set on /home partition -
 - MANUAL - Recommendation needs to be remediated manually
*****************************************************************
*****************************************************************
 - 1.1.2.4.2 - Ensure nodev option set on /var partition -
 - MANUAL - Recommendation needs to be remediated manually
*****************************************************************
*****************************************************************
 - 1.1.2.4.3 - Ensure nosuid option set on /var partition -
 - MANUAL - Recommendation needs to be remediated manually
*****************************************************************
*****************************************************************
 - 1.1.2.5.2 - Ensure nodev option set on /var/tmp partition -
 - MANUAL - Recommendation needs to be remediated manually
*****************************************************************
*****************************************************************
 - 1.1.2.5.3 - Ensure nosuid option set on /var/tmp partition -
 - MANUAL - Recommendation needs to be remediated manually
*****************************************************************
*****************************************************************
 - 1.1.2.5.4 - Ensure noexec option set on /var/tmp partition -
 - MANUAL - Recommendation needs to be remediated manually
*****************************************************************
*****************************************************************
 - 1.1.2.6.2 - Ensure nodev option set on /var/log partition -
 - MANUAL - Recommendation needs to be remediated manually
*****************************************************************
*****************************************************************
 - 1.1.2.6.3 - Ensure nosuid option set on /var/log partition -
 - MANUAL - Recommendation needs to be remediated manually
*****************************************************************
*****************************************************************
 - 1.1.2.6.4 - Ensure noexec option set on /var/log partition -
 - MANUAL - Recommendation needs to be remediated manually
*****************************************************************
*****************************************************************
 - 1.1.2.7.2 - Ensure nodev option set on /var/log/audit partition -
 - MANUAL - Recommendation needs to be remediated manually
*****************************************************************
*****************************************************************
 - 1.1.2.7.3 - Ensure nosuid option set on /var/log/audit partition -
 - MANUAL - Recommendation needs to be remediated manually
*****************************************************************
*****************************************************************
 - 1.1.2.7.4 - Ensure noexec option set on /var/log/audit partition -
 - MANUAL - Recommendation needs to be remediated manually
*****************************************************************
*****************************************************************
 - 1.2.1 - Ensure GPG keys are configured -
 - MANUAL - Recommendation needs to be remediated manually
*****************************************************************
*****************************************************************
 - 1.2.4 - Ensure package manager repositories are configured -
 - MANUAL - Recommendation needs to be remediated manually
*****************************************************************
*****************************************************************
 - 1.2.5 - Ensure updates, patches, and additional security software are installed -
 - MANUAL - Recommendation needs to be remediated manually
*****************************************************************
*****************************************************************
 - 1.5.1.3 - Ensure SELinux policy is configured -
 - MANUAL - Recommendation needs to be remediated manually
*****************************************************************
*****************************************************************
 - 1.5.1.4 - Ensure the SELinux mode is not disabled -
 - MANUAL - Recommendation needs to be remediated manually
*****************************************************************
*****************************************************************
 - 2.1.2 - Ensure chrony is configured -
 - MANUAL - Recommendation needs to be remediated manually
*****************************************************************
*****************************************************************
 - 2.2.22 - Ensure only approved services are listening on a network interface -
 - MANUAL - Recommendation needs to be remediated manually
*****************************************************************
*****************************************************************
 - 3.1.1 - Ensure IPv6 status is identified -
 - MANUAL - Recommendation needs to be remediated manually
*****************************************************************
*****************************************************************
 - 3.4.1.2 - Ensure a single firewall configuration utility is in use -
 - MANUAL - Recommendation needs to be remediated manually
*****************************************************************
*****************************************************************
 - 3.4.2.1 - Ensure firewalld is installed -
 - MANUAL - Recommendation needs to be remediated manually
*****************************************************************
*****************************************************************
 - 3.4.2.2 - Ensure firewalld service enabled and running -
 - MANUAL - Recommendation needs to be remediated manually
*****************************************************************
*****************************************************************
 - 3.4.2.3 - Ensure firewalld drops unnecessary services and ports -
 - MANUAL - Recommendation needs to be remediated manually
*****************************************************************
*****************************************************************
 - 3.4.3.1 - Ensure nftables is installed -
 - MANUAL - Recommendation needs to be remediated manually
*****************************************************************
*****************************************************************
 - 3.4.3.2 - Ensure iptables are flushed with nftables -
 - MANUAL - Recommendation needs to be remediated manually
*****************************************************************
*****************************************************************
 - 3.4.3.3 - Ensure an nftables table exists -
 - MANUAL - Recommendation needs to be remediated manually
*****************************************************************
*****************************************************************
 - 3.4.3.4 - Ensure nftables base chains exist -
 - MANUAL - Recommendation needs to be remediated manually
*****************************************************************
*****************************************************************
 - 3.4.3.5 - Ensure nftables loopback traffic is configured -
 - MANUAL - Recommendation needs to be remediated manually
*****************************************************************
*****************************************************************
 - 3.4.3.6 - Ensure nftables outbound and established connections are configured -
 - MANUAL - Recommendation needs to be remediated manually
*****************************************************************
*****************************************************************
 - 3.4.3.7 - Ensure nftables default deny firewall policy -
 - MANUAL - Recommendation needs to be remediated manually
*****************************************************************
*****************************************************************
 - 3.4.3.8 - Ensure nftables service is enabled and active -
 - MANUAL - Recommendation needs to be remediated manually
*****************************************************************
*****************************************************************
 - 3.4.3.9 - Ensure nftables rules are permanent -
 - MANUAL - Recommendation needs to be remediated manually
*****************************************************************
*****************************************************************
 - 3.4.4.1.1 - Ensure iptables packages are installed -
 - MANUAL - Recommendation needs to be remediated manually
*****************************************************************
*****************************************************************
 - 3.4.4.2.2 - Ensure iptables outbound and established connections are configured -
 - MANUAL - Recommendation needs to be remediated manually
*****************************************************************
*****************************************************************
 - 3.4.4.2.5 - Ensure iptables rules are saved -
 - MANUAL - Recommendation needs to be remediated manually
*****************************************************************
*****************************************************************
 - 3.4.4.2.6 - Ensure iptables service is enabled and active -
 - MANUAL - Recommendation needs to be remediated manually
*****************************************************************
*****************************************************************
 - 3.4.4.3.1 - Ensure ip6tables loopback traffic is configured -
 - MANUAL - Recommendation needs to be remediated manually
*****************************************************************
*****************************************************************
 - 3.4.4.3.2 - Ensure ip6tables outbound and established connections are configured -
 - MANUAL - Recommendation needs to be remediated manually
*****************************************************************
*****************************************************************
 - 3.4.4.3.4 - Ensure ip6tables default deny firewall policy -
 - MANUAL - Recommendation needs to be remediated manually
*****************************************************************
*****************************************************************
 - 3.4.4.3.5 - Ensure ip6tables rules are saved -
 - MANUAL - Recommendation needs to be remediated manually
*****************************************************************
*****************************************************************
 - 3.4.4.3.6 - Ensure ip6tables is enabled and active -
 - MANUAL - Recommendation needs to be remediated manually
*****************************************************************
*****************************************************************
 - 4.2.4 - Ensure sshd access is configured -
 - MANUAL - Recommendation needs to be remediated manually
*****************************************************************
*****************************************************************
 - 4.2.12 - Ensure sshd KexAlgorithms is configured -
 - MANUAL - Recommendation needs to be remediated manually
*****************************************************************
*****************************************************************
 - 4.2.15 - Ensure sshd MACs are configured -
 - MANUAL - Recommendation needs to be remediated manually
*****************************************************************
*****************************************************************
 - 4.3.7 - Ensure access to the su command is restricted -
 - MANUAL - Recommendation needs to be remediated manually
*****************************************************************
*****************************************************************
 - 4.4.2.1.1 - Ensure pam_faillock module is enabled -
 - MANUAL - Recommendation needs to be remediated manually
*****************************************************************
*****************************************************************
 - 4.4.2.2.1 - Ensure pam_pwquality module is enabled -
 - MANUAL - Recommendation needs to be remediated manually
*****************************************************************
*****************************************************************
 - 4.5.1.2 - Ensure password expiration is 365 days or less -
 - MANUAL - Recommendation needs to be remediated manually
*****************************************************************
*****************************************************************
 - 4.5.1.4 - Ensure inactive password lock is 30 days or less -
 - MANUAL - Recommendation needs to be remediated manually
*****************************************************************
*****************************************************************
 - 4.5.2.4 - Ensure root password is set -
 - MANUAL - Recommendation needs to be remediated manually
*****************************************************************
*****************************************************************
 - 4.5.3.3 - Ensure default user umask is configured -
 - MANUAL - Recommendation needs to be remediated manually
*****************************************************************
*****************************************************************
 - 5.1.3 - Ensure logrotate is configured -
 - MANUAL - Recommendation needs to be remediated manually
*****************************************************************
*****************************************************************
 - 5.1.1.5 - Ensure logging is configured -
 - MANUAL - Recommendation needs to be remediated manually
*****************************************************************
*****************************************************************
 - 5.1.1.6 - Ensure rsyslog is configured to send logs to a remote log host -
 - MANUAL - Recommendation needs to be remediated manually
*****************************************************************
*****************************************************************
 - 5.1.2.5 - Ensure journald is not configured to send logs to rsyslog -
 - MANUAL - Recommendation needs to be remediated manually
*****************************************************************
*****************************************************************
 - 5.1.2.6 - Ensure journald log rotation is configured per site policy -
 - MANUAL - Recommendation needs to be remediated manually
*****************************************************************
*****************************************************************
 - 5.1.2.1.2 - Ensure systemd-journal-remote is configured -
 - MANUAL - Recommendation needs to be remediated manually
*****************************************************************
*****************************************************************
 - 5.3.2 - Ensure filesystem integrity is regularly checked -
 - MANUAL - Recommendation needs to be remediated manually
*****************************************************************
*****************************************************************
 - 6.1.13 - Ensure SUID and SGID files are reviewed -
 - MANUAL - Recommendation needs to be remediated manually
*****************************************************************
*****************************************************************
 - 6.2.8 - Ensure root path integrity -
 - MANUAL - Recommendation needs to be remediated manually
*****************************************************************
