*****************************************************************
*****************************************************************

 - Each entry below countains a specific recommendation title that requires manual remediation and should be addressed.

 - To properly remediate each manual recommendation, open the corresponding CIS Benchmark PDF and navigate to the same recommendation number and name in the document.
 - Steps to audit and remediate that recommendation can be found for each item. Follow those instructions given in order to bring the system into compliance with the benchmark.

 - It is sometimes helpful after following the steps in the Remediation section to follow up by performing the steps in the Audit section to verify that the remediation was performed successfully.

 - A copy of the benchmark PDF document can be obtained at the following URL:

   https://workbench.cisecurity.org/benchmarks/12705

*****************************************************************
*****************************************************************
 - 1.8 - Ensure updates, patches, and additional security software are installed -
 - MANUAL - Recommendation needs to be remediated manually
*****************************************************************
*****************************************************************
 - 1.1.3.1 - Ensure separate partition exists for /var -
 - MANUAL - Recommendation needs to be remediated manually
*****************************************************************
*****************************************************************
 - 1.1.3.2 - Ensure nodev option set on /var partition -
 - MANUAL - Recommendation needs to be remediated manually
*****************************************************************
*****************************************************************
 - 1.1.3.3 - Ensure nosuid option set on /var partition -
 - MANUAL - Recommendation needs to be remediated manually
*****************************************************************
*****************************************************************
 - 1.1.4.1 - Ensure separate partition exists for /var/tmp -
 - MANUAL - Recommendation needs to be remediated manually
*****************************************************************
*****************************************************************
 - 1.1.4.2 - Ensure noexec option set on /var/tmp partition -
 - MANUAL - Recommendation needs to be remediated manually
*****************************************************************
*****************************************************************
 - 1.1.4.3 - Ensure nosuid option set on /var/tmp partition -
 - MANUAL - Recommendation needs to be remediated manually
*****************************************************************
*****************************************************************
 - 1.1.4.4 - Ensure nodev option set on /var/tmp partition -
 - MANUAL - Recommendation needs to be remediated manually
*****************************************************************
*****************************************************************
 - 1.1.5.1 - Ensure separate partition exists for /var/log -
 - MANUAL - Recommendation needs to be remediated manually
*****************************************************************
*****************************************************************
 - 1.1.5.2 - Ensure nodev option set on /var/log partition -
 - MANUAL - Recommendation needs to be remediated manually
*****************************************************************
*****************************************************************
 - 1.1.5.3 - Ensure noexec option set on /var/log partition -
 - MANUAL - Recommendation needs to be remediated manually
*****************************************************************
*****************************************************************
 - 1.1.5.4 - Ensure nosuid option set on /var/log partition -
 - MANUAL - Recommendation needs to be remediated manually
*****************************************************************
*****************************************************************
 - 1.1.6.1 - Ensure separate partition exists for /var/log/audit -
 - MANUAL - Recommendation needs to be remediated manually
*****************************************************************
*****************************************************************
 - 1.1.6.2 - Ensure noexec option set on /var/log/audit partition -
 - MANUAL - Recommendation needs to be remediated manually
*****************************************************************
*****************************************************************
 - 1.1.6.3 - Ensure nodev option set on /var/log/audit partition -
 - MANUAL - Recommendation needs to be remediated manually
*****************************************************************
*****************************************************************
 - 1.1.6.4 - Ensure nosuid option set on /var/log/audit partition -
 - MANUAL - Recommendation needs to be remediated manually
*****************************************************************
*****************************************************************
 - 1.1.7.1 - Ensure separate partition exists for /home -
 - MANUAL - Recommendation needs to be remediated manually
*****************************************************************
*****************************************************************
 - 1.1.7.2 - Ensure nodev option set on /home partition -
 - MANUAL - Recommendation needs to be remediated manually
*****************************************************************
*****************************************************************
 - 1.1.7.3 - Ensure nosuid option set on /home partition -
 - MANUAL - Recommendation needs to be remediated manually
*****************************************************************
*****************************************************************
 - 1.2.1 - Ensure GPG keys are configured -
 - MANUAL - Recommendation needs to be remediated manually
*****************************************************************
*****************************************************************
 - 1.2.3 - Ensure package manager repositories are configured -
 - MANUAL - Recommendation needs to be remediated manually
*****************************************************************
*****************************************************************
 - 1.2.4 - Ensure repo_gpgcheck is globally activated -
 - MANUAL - Recommendation needs to be remediated manually
*****************************************************************
*****************************************************************
 - 1.3.2 - Ensure filesystem integrity is regularly checked -
 - MANUAL - Recommendation needs to be remediated manually
*****************************************************************
*****************************************************************
 - 1.6.1.5 - Ensure the SELinux mode is enforcing -
 - MANUAL - Recommendation needs to be remediated manually
*****************************************************************
*****************************************************************
 - 2.1.2 - Ensure chrony is configured -
 - MANUAL - Recommendation needs to be remediated manually
*****************************************************************
*****************************************************************
 - 2.2.15 - Ensure mail transfer agent is configured for local-only mode -
 - MANUAL - Recommendation needs to be remediated manually
*****************************************************************
*****************************************************************
 - 3.1.1 - Ensure IPv6 status is identified -
 - MANUAL - Recommendation needs to be remediated manually
*****************************************************************
*****************************************************************
 - 3.4.1.2 - Ensure a single firewall configuration utility is in use -
 - MANUAL - Recommendation needs to be remediated manually
*****************************************************************
*****************************************************************
 - 3.4.2.1 - Ensure firewalld default zone is set -
 - MANUAL - Recommendation needs to be remediated manually
*****************************************************************
*****************************************************************
 - 3.4.2.2 - Ensure at least one nftables table exists -
 - MANUAL - Recommendation needs to be remediated manually
*****************************************************************
*****************************************************************
 - 3.4.2.3 - Ensure nftables base chains exist -
 - MANUAL - Recommendation needs to be remediated manually
*****************************************************************
*****************************************************************
 - 3.4.2.6 - Ensure nftables established connections are configured -
 - MANUAL - Recommendation needs to be remediated manually
*****************************************************************
*****************************************************************
 - 4.2.4 - Ensure SSH access is limited -
 - MANUAL - Recommendation needs to be remediated manually
*****************************************************************
*****************************************************************
 - 4.2.13 - Ensure SSH AllowTcpForwarding is disabled -
 - MANUAL - Recommendation needs to be remediated manually
*****************************************************************
*****************************************************************
 - 4.2.14 - Ensure system-wide crypto policy is not over-ridden -
 - MANUAL - Recommendation needs to be remediated manually
*****************************************************************
*****************************************************************
 - 4.3.6 - Ensure access to the su command is restricted -
 - MANUAL - Recommendation needs to be remediated manually
*****************************************************************
*****************************************************************
 - 4.4.1 - Ensure custom authselect profile is used -
 - MANUAL - Recommendation needs to be remediated manually
*****************************************************************
*****************************************************************
 - 4.4.2 - Ensure authselect includes with-faillock -
 - MANUAL - Recommendation needs to be remediated manually
*****************************************************************
*****************************************************************
 - 4.6.6 - Ensure root password is set -
 - MANUAL - Recommendation needs to be remediated manually
*****************************************************************
*****************************************************************
 - 4.6.1.1 - Ensure password expiration is 365 days or less -
 - MANUAL - Recommendation needs to be remediated manually
*****************************************************************
*****************************************************************
 - 4.6.1.4 - Ensure inactive password lock is 30 days or less -
 - MANUAL - Recommendation needs to be remediated manually
*****************************************************************
*****************************************************************
 - 5.3 - Ensure logrotate is configured -
 - MANUAL - Recommendation needs to be remediated manually
*****************************************************************
*****************************************************************
 - 5.1.1.5 - Ensure logging is configured -
 - MANUAL - Recommendation needs to be remediated manually
*****************************************************************
*****************************************************************
 - 5.1.1.6 - Ensure rsyslog is configured to send logs to a remote log host -
 - MANUAL - Recommendation needs to be remediated manually
*****************************************************************
*****************************************************************
 - 5.1.2.5 - Ensure journald is not configured to send logs to rsyslog -
 - MANUAL - Recommendation needs to be remediated manually
*****************************************************************
*****************************************************************
 - 5.1.2.6 - Ensure journald log rotation is configured per site policy -
 - MANUAL - Recommendation needs to be remediated manually
*****************************************************************
*****************************************************************
 - 5.1.2.7 - Ensure journald default file permissions configured -
 - MANUAL - Recommendation needs to be remediated manually
*****************************************************************
*****************************************************************
 - 5.1.2.1.2 - Ensure systemd-journal-remote is configured -
 - MANUAL - Recommendation needs to be remediated manually
*****************************************************************
*****************************************************************
 - 5.2.2.3 - Ensure system is disabled when audit logs are full -
 - MANUAL - Recommendation needs to be remediated manually
*****************************************************************
*****************************************************************
 - 5.2.3.6 - Ensure use of privileged commands are collected -
 - MANUAL - Recommendation needs to be remediated manually
*****************************************************************
*****************************************************************
 - 5.2.3.9 - Ensure discretionary access control permission modification events are collected -
 - MANUAL - Recommendation needs to be remediated manually
*****************************************************************
*****************************************************************
 - 5.2.3.12 - Ensure login and logout events are collected -
 - MANUAL - Recommendation needs to be remediated manually
*****************************************************************
*****************************************************************
 - 5.2.3.13 - Ensure file deletion events by users are collected -
 - MANUAL - Recommendation needs to be remediated manually
*****************************************************************
*****************************************************************
 - 5.2.3.20 - Ensure the audit configuration is immutable -
 - MANUAL - Recommendation needs to be remediated manually
*****************************************************************
*****************************************************************
 - 5.2.3.21 - Ensure the running and on disk configuration is the same -
 - MANUAL - Recommendation needs to be remediated manually
*****************************************************************
*****************************************************************
 - 6.1.10 - Audit system file permissions -
 - MANUAL - Recommendation needs to be remediated manually
*****************************************************************
*****************************************************************
 - 6.1.13 - Ensure SUID and SGID files are reviewed -
 - MANUAL - Recommendation needs to be remediated manually
*****************************************************************
